<?xml version="1.0" encoding="UTF-8"?>
<!-- Generated by org.testng.reporters.JUnitXMLReporter -->
<testsuite hostname="Computer" ignored="1" name="Default test" tests="1" failures="0" timestamp="2020-11-20T11:25:00 IST" time="12.82" errors="0">
  <testcase name="invalidCredentialTest" time="1.711" classname="com.dhl.openemrtest.LoginTest"/>
  <testcase name="validCredentialTest" time="0.0" classname="com.dhl.openemrtest.LoginTest">
    <ignored/>
  </testcase> <!-- validCredentialTest -->
</testsuite> <!-- Default test -->
