<?xml version="1.0" encoding="UTF-8"?>
<testng-results skipped="0" failed="0" ignored="0" total="2" passed="2">
  <reporter-output>
  </reporter-output>
  <suite name="Default suite" duration-ms="71326" started-at="2020-11-20T09:11:11 IST" finished-at="2020-11-20T09:12:22 IST">
    <groups>
    </groups>
    <test name="Default test" duration-ms="71326" started-at="2020-11-20T09:11:11 IST" finished-at="2020-11-20T09:12:22 IST">
      <class name="com.dhl.openemrtest.AddPatientTest">
        <test-method status="PASS" signature="setup(java.lang.String)[pri:0, instance:com.dhl.openemrtest.AddPatientTest@3b0090a4]" name="setup" is-config="true" duration-ms="10616" started-at="2020-11-20T09:11:18 IST" finished-at="2020-11-20T09:11:29 IST">
          <params>
            <param index="0">
              <value>
                <![CDATA[ch]]>
              </value>
            </param>
          </params>
          <reporter-output>
          </reporter-output>
        </test-method> <!-- setup -->
        <test-method status="PASS" signature="createPatientTest(java.lang.String, java.lang.String, java.lang.String, java.lang.String, java.lang.String, java.lang.String, java.lang.String, java.lang.String)[pri:0, instance:com.dhl.openemrtest.AddPatientTest@3b0090a4]" name="createPatientTest" duration-ms="27999" started-at="2020-11-20T09:11:29 IST" data-provider="createPatientData" finished-at="2020-11-20T09:11:57 IST">
          <params>
            <param index="0">
              <value>
                <![CDATA[admin]]>
              </value>
            </param>
            <param index="1">
              <value>
                <![CDATA[pass]]>
              </value>
            </param>
            <param index="2">
              <value>
                <![CDATA[English (Indian)]]>
              </value>
            </param>
            <param index="3">
              <value>
                <![CDATA[peter]]>
              </value>
            </param>
            <param index="4">
              <value>
                <![CDATA[paul]]>
              </value>
            </param>
            <param index="5">
              <value>
                <![CDATA[2020-11-20]]>
              </value>
            </param>
            <param index="6">
              <value>
                <![CDATA[Female]]>
              </value>
            </param>
            <param index="7">
              <value>
                <![CDATA[Medical Record Dashboard - Peter Paul]]>
              </value>
            </param>
          </params>
          <reporter-output>
          </reporter-output>
        </test-method> <!-- createPatientTest -->
        <test-method status="PASS" signature="teardown()[pri:0, instance:com.dhl.openemrtest.AddPatientTest@3b0090a4]" name="teardown" is-config="true" duration-ms="938" started-at="2020-11-20T09:11:57 IST" finished-at="2020-11-20T09:11:57 IST">
          <reporter-output>
          </reporter-output>
        </test-method> <!-- teardown -->
        <test-method status="PASS" signature="setup(java.lang.String)[pri:0, instance:com.dhl.openemrtest.AddPatientTest@3b0090a4]" name="setup" is-config="true" duration-ms="11331" started-at="2020-11-20T09:11:57 IST" finished-at="2020-11-20T09:12:09 IST">
          <params>
            <param index="0">
              <value>
                <![CDATA[ch]]>
              </value>
            </param>
          </params>
          <reporter-output>
          </reporter-output>
        </test-method> <!-- setup -->
        <test-method status="PASS" signature="createPatientTest(java.lang.String, java.lang.String, java.lang.String, java.lang.String, java.lang.String, java.lang.String, java.lang.String, java.lang.String)[pri:0, instance:com.dhl.openemrtest.AddPatientTest@3b0090a4]" name="createPatientTest" duration-ms="12473" started-at="2020-11-20T09:12:09 IST" data-provider="createPatientData" finished-at="2020-11-20T09:12:21 IST">
          <params>
            <param index="0">
              <value>
                <![CDATA[admin]]>
              </value>
            </param>
            <param index="1">
              <value>
                <![CDATA[pass]]>
              </value>
            </param>
            <param index="2">
              <value>
                <![CDATA[English (Indian)]]>
              </value>
            </param>
            <param index="3">
              <value>
                <![CDATA[peter123]]>
              </value>
            </param>
            <param index="4">
              <value>
                <![CDATA[paul]]>
              </value>
            </param>
            <param index="5">
              <value>
                <![CDATA[2020-11-20]]>
              </value>
            </param>
            <param index="6">
              <value>
                <![CDATA[Female]]>
              </value>
            </param>
            <param index="7">
              <value>
                <![CDATA[Medical Record Dashboard - Peter123 Paul]]>
              </value>
            </param>
          </params>
          <reporter-output>
          </reporter-output>
        </test-method> <!-- createPatientTest -->
        <test-method status="PASS" signature="teardown()[pri:0, instance:com.dhl.openemrtest.AddPatientTest@3b0090a4]" name="teardown" is-config="true" duration-ms="754" started-at="2020-11-20T09:12:21 IST" finished-at="2020-11-20T09:12:22 IST">
          <reporter-output>
          </reporter-output>
        </test-method> <!-- teardown -->
      </class> <!-- com.dhl.openemrtest.AddPatientTest -->
    </test> <!-- Default test -->
  </suite> <!-- Default suite -->
</testng-results>
