<?xml version="1.0" encoding="UTF-8"?>
<testng-results skipped="0" failed="0" ignored="1" total="2" passed="1">
  <reporter-output>
  </reporter-output>
  <suite name="Login Suite" duration-ms="28101" started-at="2020-11-20T11:25:34 IST" finished-at="2020-11-20T11:26:02 IST">
    <groups>
    </groups>
    <test name="Login Test" duration-ms="28101" started-at="2020-11-20T11:25:34 IST" finished-at="2020-11-20T11:26:02 IST">
      <class name="com.dhl.openemrtest.LoginTest">
        <test-method status="PASS" signature="setup(java.lang.String)[pri:0, instance:com.dhl.openemrtest.LoginTest@74650e52]" name="setup" is-config="true" duration-ms="22449" started-at="2020-11-20T11:25:35 IST" finished-at="2020-11-20T11:25:57 IST">
          <params>
            <param index="0">
              <value>
                <![CDATA[ff]]>
              </value>
            </param>
          </params>
          <reporter-output>
          </reporter-output>
        </test-method> <!-- setup -->
        <test-method status="PASS" signature="invalidCredentialTest(java.lang.String, java.lang.String, java.lang.String, java.lang.String)[pri:0, instance:com.dhl.openemrtest.LoginTest@74650e52]" name="invalidCredentialTest" duration-ms="1728" started-at="2020-11-20T11:25:57 IST" data-provider="invalidCredentialData" finished-at="2020-11-20T11:25:59 IST">
          <params>
            <param index="0">
              <value>
                <![CDATA[admin123]]>
              </value>
            </param>
            <param index="1">
              <value>
                <![CDATA[pass123]]>
              </value>
            </param>
            <param index="2">
              <value>
                <![CDATA[English (Indian)]]>
              </value>
            </param>
            <param index="3">
              <value>
                <![CDATA[Invalid username or password]]>
              </value>
            </param>
          </params>
          <reporter-output>
          </reporter-output>
        </test-method> <!-- invalidCredentialTest -->
        <test-method status="PASS" signature="teardown()[pri:0, instance:com.dhl.openemrtest.LoginTest@74650e52]" name="teardown" is-config="true" duration-ms="3216" started-at="2020-11-20T11:25:59 IST" finished-at="2020-11-20T11:26:02 IST">
          <reporter-output>
          </reporter-output>
        </test-method> <!-- teardown -->
      </class> <!-- com.dhl.openemrtest.LoginTest -->
    </test> <!-- Login Test -->
  </suite> <!-- Login Suite -->
</testng-results>
