<?xml version="1.0" encoding="UTF-8"?>
<!-- Generated by org.testng.reporters.JUnitXMLReporter -->
<testsuite hostname="Computer" ignored="1" name="Login Test" tests="1" failures="0" timestamp="2020-11-20T11:26:02 IST" time="28.101" errors="0">
  <testcase name="invalidCredentialTest" time="1.728" classname="com.dhl.openemrtest.LoginTest"/>
  <testcase name="validCredentialTest" time="0.0" classname="com.dhl.openemrtest.LoginTest">
    <ignored/>
  </testcase> <!-- validCredentialTest -->
</testsuite> <!-- Login Test -->
