<?xml version="1.0" encoding="UTF-8"?>
<!-- Generated by org.testng.reporters.JUnitXMLReporter -->
<testsuite hostname="Computer" ignored="1" name="Login Test" tests="2" failures="0" timestamp="2020-11-19T14:16:05 IST" time="23.375" errors="0">
  <testcase name="invalidCredentialBlankTest" time="0.007" classname="com.dhl.openemrtest.LoginTest"/>
  <testcase name="invalidCredentialTest" time="2.234" classname="com.dhl.openemrtest.LoginTest"/>
  <testcase name="validCredentialTest" time="0.0" classname="com.dhl.openemrtest.LoginTest">
    <ignored/>
  </testcase> <!-- validCredentialTest -->
</testsuite> <!-- Login Test -->
